<?xml version="1.0" encoding="UTF-8"?>
<!-- Generated by org.testng.reporters.JUnitReportReporter -->
<testsuite hostname="DESKTOP-77B84TR" failures="0" tests="1" name="selenium2.datapro" time="0.000" errors="0" timestamp="2023-01-04T09:49:16 IST" skipped="1">
  <testcase classname="selenium2.datapro" name="data" time="0.000">
    <skipped/>
  </testcase> <!-- data -->
  <system-out/>
</testsuite> <!-- selenium2.datapro -->
