<?xml version="1.0" encoding="UTF-8"?>
<!-- Generated by org.testng.reporters.JUnitReportReporter -->
<testsuite hostname="DESKTOP-77B84TR" failures="0" tests="3" name="demooo.Demmotesting" time="0.014" errors="0" timestamp="2022-12-27T21:02:09 IST" skipped="0">
  <testcase classname="demooo.Demmotesting" name="createProduct" time="0.003"/>
  <system-out/>
  <testcase classname="demooo.Demmotesting" name="createProducttt" time="0.002"/>
  <system-out/>
  <testcase classname="demooo.Demmotesting" name="createCustomer" time="0.009"/>
  <system-out/>
</testsuite> <!-- demooo.Demmotesting -->
