<?xml version="1.0" encoding="UTF-8"?>
<!-- Generated by org.testng.reporters.JUnitReportReporter -->
<testsuite hostname="LAP-VIVEK" failures="0" tests="1" name="Projectname.testScript.Customercreation" time="22.273" errors="0" timestamp="2023-02-02T14:54:20 IST" skipped="0">
  <testcase classname="Projectname.testScript.Customercreation" name="customercreation" time="22.273"/>
  <system-out/>
</testsuite> <!-- Projectname.testScript.Customercreation -->
