<?xml version="1.0" encoding="UTF-8"?>
<!-- Generated by org.testng.reporters.JUnitReportReporter -->
<testsuite hostname="DESKTOP-77B84TR" failures="0" tests="1" name="selenium3.Demotestng" time="8.057" errors="0" timestamp="2023-01-02T10:41:55 IST" skipped="0">
  <testcase classname="selenium3.Demotestng" name="checkassert" time="8.057"/>
  <system-out/>
</testsuite> <!-- selenium3.Demotestng -->
