<?xml version="1.0" encoding="UTF-8"?>
<!-- Generated by org.testng.reporters.JUnitReportReporter -->
<testsuite hostname="LAP-VIVEK" failures="0" tests="1" name="Projectname.testScript.Alerthandle" time="32.628" errors="0" timestamp="2023-03-06T18:49:32 IST" skipped="0">
  <testcase classname="Projectname.testScript.Alerthandle" name="Alerthan" time="32.628"/>
  <system-out/>
</testsuite> <!-- Projectname.testScript.Alerthandle -->
